Arguments: 
  C:\Program Files\nodejs\node.exe C:\Users\LG\AppData\Roaming\npm\node_modules\yarn\bin\yarn.js add pg typrorm

PATH: 
  C:\Program Files (x86)\Intel\Intel(R) Management Engine Components\iCLS\;C:\Program Files\Intel\Intel(R) Management Engine Components\iCLS\;C:\Windows\system32;C:\Windows;C:\Windows\System32\Wbem;C:\Windows\System32\WindowsPowerShell\v1.0\;C:\Windows\System32\OpenSSH\;C:\Program Files (x86)\Intel\Intel(R) Management Engine Components\DAL;C:\Program Files\Intel\Intel(R) Management Engine Components\DAL;D:\java\1.8\bin;D:\java\1.8\jre\bin;C:\Program Files\nodejs\;C:\Program Files\Git\cmd;C:\Users\LG\AppData\Local\Microsoft\WindowsApps;;C:\Users\LG\AppData\Local\Programs\Microsoft VS Code\bin;C:\Users\LG\AppData\Roaming\npm

Yarn version: 
  1.21.1

Node version: 
  12.14.0

Platform: 
  win32 x64

Trace: 
  Error: https://registry.yarnpkg.com/typrorm: Not found
      at Request.params.callback [as _callback] (C:\Users\LG\AppData\Roaming\npm\node_modules\yarn\lib\cli.js:66947:18)
      at Request.self.callback (C:\Users\LG\AppData\Roaming\npm\node_modules\yarn\lib\cli.js:140665:22)
      at Request.emit (events.js:210:5)
      at Request.<anonymous> (C:\Users\LG\AppData\Roaming\npm\node_modules\yarn\lib\cli.js:141637:10)
      at Request.emit (events.js:210:5)
      at IncomingMessage.<anonymous> (C:\Users\LG\AppData\Roaming\npm\node_modules\yarn\lib\cli.js:141559:12)
      at Object.onceWrapper (events.js:299:28)
      at IncomingMessage.emit (events.js:215:7)
      at endReadableNT (_stream_readable.js:1184:12)
      at processTicksAndRejections (internal/process/task_queues.js:80:21)

npm manifest: 
  {
    "name": "backend",
    "version": "1.0.0",
    "description": "",
    "main": "index.js",
    "scripts": {
      "dev": "cd src && nodemon --exec ts-node index.ts -e ts, graphql"
    },
    "author": "",
    "license": "ISC",
    "dependencies": {
      "babel-runtime": "^6.26.0",
      "graphql-to-typescript": "^0.1.2",
      "graphql-tools": "^4.0.6",
      "graphql-yoga": "^1.18.3",
      "nodemon": "^2.0.2",
      "ts-node": "^8.5.4",
      "tslint-config-prettier": "^1.18.0",
      "typescript": "^3.7.4"
    },
    "devDependencies": {
      "@types/node": "^13.1.2"
    }
  }

yarn manifest: 
  No manifest

Lockfile: 
  No lockfile
